# JRE version: OpenJDK Runtime Environment (Zulu 8.78.0.19-CA-win64) (8.0_412-b08) (build 1.8.0_412-b08)
# Java VM: OpenJDK 64-Bit Server VM (25.412-b08 mixed mode windows-amd64 compressed oops)
Heap:
 PSYoungGen      total 139776K, used 7679K [0x000000076c180000, 0x0000000775480000, 0x00000007c0000000)
  eden space 129024K, 5% used [0x000000076c180000,0x000000076c8ffe90,0x0000000773f80000)
  from space 10752K, 0% used [0x0000000774a00000,0x0000000774a00000,0x0000000775480000)
  to   space 10752K, 0% used [0x0000000773f80000,0x0000000773f80000,0x0000000774a00000)
 ParOldGen       total 172032K, used 70135K [0x00000006c4400000, 0x00000006cec00000, 0x000000076c180000)
  object space 172032K, 40% used [0x00000006c4400000,0x00000006c887dd20,0x00000006cec00000)
 Metaspace       used 18952K, capacity 19473K, committed 19712K, reserved 1067008K
  class space    used 2079K, capacity 2224K, committed 2304K, reserved 1048576K
GC Heap History (10 events):
Event: 3.723 GC heap before
{Heap before GC invocations=8 (full 2):
 PSYoungGen      total 139776K, used 32K [0x000000076c180000, 0x0000000775480000, 0x00000007c0000000)
  eden space 129024K, 0% used [0x000000076c180000,0x000000076c180000,0x0000000773f80000)
  from space 10752K, 0% used [0x0000000774a00000,0x0000000774a08000,0x0000000775480000)
  to   space 10752K, 0% used [0x0000000773f80000,0x0000000773f80000,0x0000000774a00000)
 ParOldGen       total 172032K, used 43506K [0x00000006c4400000, 0x00000006cec00000, 0x000000076c180000)
  object space 172032K, 25% used [0x00000006c4400000,0x00000006c6e7cba0,0x00000006cec00000)
 Metaspace       used 17546K, capacity 18013K, committed 18304K, reserved 1064960K
  class space    used 1925K, capacity 2056K, committed 2176K, reserved 1048576K
Event: 3.745 GC heap after
Heap after GC invocations=8 (full 2):
 PSYoungGen      total 139776K, used 0K [0x000000076c180000, 0x0000000775480000, 0x00000007c0000000)
  eden space 129024K, 0% used [0x000000076c180000,0x000000076c180000,0x0000000773f80000)
  from space 10752K, 0% used [0x0000000774a00000,0x0000000774a00000,0x0000000775480000)
  to   space 10752K, 0% used [0x0000000773f80000,0x0000000773f80000,0x0000000774a00000)
 ParOldGen       total 172032K, used 43506K [0x00000006c4400000, 0x00000006cec00000, 0x000000076c180000)
  object space 172032K, 25% used [0x00000006c4400000,0x00000006c6e7cba0,0x00000006cec00000)
 Metaspace       used 17546K, capacity 18013K, committed 18304K, reserved 1064960K
  class space    used 1925K, capacity 2056K, committed 2176K, reserved 1048576K
}
Event: 4.458 GC heap before
{Heap before GC invocations=9 (full 2):
 PSYoungGen      total 139776K, used 34123K [0x000000076c180000, 0x0000000775480000, 0x00000007c0000000)
  eden space 129024K, 26% used [0x000000076c180000,0x000000076e2d2f58,0x0000000773f80000)
  from space 10752K, 0% used [0x0000000774a00000,0x0000000774a00000,0x0000000775480000)
  to   space 10752K, 0% used [0x0000000773f80000,0x0000000773f80000,0x0000000774a00000)
 ParOldGen       total 172032K, used 43506K [0x00000006c4400000, 0x00000006cec00000, 0x000000076c180000)
  object space 172032K, 25% used [0x00000006c4400000,0x00000006c6e7cba0,0x00000006cec00000)
 Metaspace       used 17663K, capacity 18077K, committed 18304K, reserved 1064960K
  class space    used 1935K, capacity 2056K, committed 2176K, reserved 1048576K
Event: 4.463 GC heap after
Heap after GC invocations=9 (full 2):
 PSYoungGen      total 139776K, used 10742K [0x000000076c180000, 0x0000000775480000, 0x00000007c0000000)
  eden space 129024K, 0% used [0x000000076c180000,0x000000076c180000,0x0000000773f80000)
  from space 10752K, 99% used [0x0000000773f80000,0x00000007749fda88,0x0000000774a00000)
  to   space 10752K, 0% used [0x0000000774a00000,0x0000000774a00000,0x0000000775480000)
 ParOldGen       total 172032K, used 70547K [0x00000006c4400000, 0x00000006cec00000, 0x000000076c180000)
  object space 172032K, 41% used [0x00000006c4400000,0x00000006c88e4c20,0x00000006cec00000)
 Metaspace       used 17663K, capacity 18077K, committed 18304K, reserved 1064960K
  class space    used 1935K, capacity 2056K, committed 2176K, reserved 1048576K
}
Event: 4.464 GC heap before
{Heap before GC invocations=10 (full 3):
 PSYoungGen      total 139776K, used 10742K [0x000000076c180000, 0x0000000775480000, 0x00000007c0000000)
  eden space 129024K, 0% used [0x000000076c180000,0x000000076c180000,0x0000000773f80000)
  from space 10752K, 99% used [0x0000000773f80000,0x00000007749fda88,0x0000000774a00000)
  to   space 10752K, 0% used [0x0000000774a00000,0x0000000774a00000,0x0000000775480000)
 ParOldGen       total 172032K, used 70547K [0x00000006c4400000, 0x00000006cec00000, 0x000000076c180000)
  object space 172032K, 41% used [0x00000006c4400000,0x00000006c88e4c20,0x00000006cec00000)
 Metaspace       used 17663K, capacity 18077K, committed 18304K, reserved 1064960K
  class space    used 1935K, capacity 2056K, committed 2176K, reserved 1048576K
Event: 4.525 GC heap after
Heap after GC invocations=10 (full 3):
 PSYoungGen      total 139776K, used 0K [0x000000076c180000, 0x0000000775480000, 0x00000007c0000000)
  eden space 129024K, 0% used [0x000000076c180000,0x000000076c180000,0x0000000773f80000)
  from space 10752K, 0% used [0x0000000773f80000,0x0000000773f80000,0x0000000774a00000)
  to   space 10752K, 0% used [0x0000000774a00000,0x0000000774a00000,0x0000000775480000)
 ParOldGen       total 172032K, used 68239K [0x00000006c4400000, 0x00000006cec00000, 0x000000076c180000)
  object space 172032K, 39% used [0x00000006c4400000,0x00000006c86a3f68,0x00000006cec00000)
 Metaspace       used 17663K, capacity 18077K, committed 18304K, reserved 1064960K
  class space    used 1935K, capacity 2056K, committed 2176K, reserved 1048576K
}
Event: 4.917 GC heap before
{Heap before GC invocations=11 (full 3):
 PSYoungGen      total 139776K, used 43203K [0x000000076c180000, 0x0000000775480000, 0x00000007c0000000)
  eden space 129024K, 33% used [0x000000076c180000,0x000000076ebb0e90,0x0000000773f80000)
  from space 10752K, 0% used [0x0000000773f80000,0x0000000773f80000,0x0000000774a00000)
  to   space 10752K, 0% used [0x0000000774a00000,0x0000000774a00000,0x0000000775480000)
 ParOldGen       total 172032K, used 68239K [0x00000006c4400000, 0x00000006cec00000, 0x000000076c180000)
  object space 172032K, 39% used [0x00000006c4400000,0x00000006c86a3f68,0x00000006cec00000)
 Metaspace       used 18043K, capacity 18537K, committed 18816K, reserved 1067008K
  class space    used 1982K, capacity 2124K, committed 2176K, reserved 1048576K
Event: 4.919 GC heap after
Heap after GC invocations=11 (full 3):
 PSYoungGen      total 139776K, used 2535K [0x000000076c180000, 0x0000000775480000, 0x00000007c0000000)
  eden space 129024K, 0% used [0x000000076c180000,0x000000076c180000,0x0000000773f80000)
  from space 10752K, 23% used [0x0000000774a00000,0x0000000774c79d80,0x0000000775480000)
  to   space 10752K, 0% used [0x0000000773f80000,0x0000000773f80000,0x0000000774a00000)
 ParOldGen       total 172032K, used 68247K [0x00000006c4400000, 0x00000006cec00000, 0x000000076c180000)
  object space 172032K, 39% used [0x00000006c4400000,0x00000006c86a5f68,0x00000006cec00000)
 Metaspace       used 18043K, capacity 18537K, committed 18816K, reserved 1067008K
  class space    used 1982K, capacity 2124K, committed 2176K, reserved 1048576K
}
Event: 4.919 GC heap before
{Heap before GC invocations=12 (full 4):
 PSYoungGen      total 139776K, used 2535K [0x000000076c180000, 0x0000000775480000, 0x00000007c0000000)
  eden space 129024K, 0% used [0x000000076c180000,0x000000076c180000,0x0000000773f80000)
  from space 10752K, 23% used [0x0000000774a00000,0x0000000774c79d80,0x0000000775480000)
  to   space 10752K, 0% used [0x0000000773f80000,0x0000000773f80000,0x0000000774a00000)
 ParOldGen       total 172032K, used 68247K [0x00000006c4400000, 0x00000006cec00000, 0x000000076c180000)
  object space 172032K, 39% used [0x00000006c4400000,0x00000006c86a5f68,0x00000006cec00000)
 Metaspace       used 18043K, capacity 18537K, committed 18816K, reserved 1067008K
  class space    used 1982K, capacity 2124K, committed 2176K, reserved 1048576K
Event: 4.972 GC heap after
Heap after GC invocations=12 (full 4):
 PSYoungGen      total 139776K, used 0K [0x000000076c180000, 0x0000000775480000, 0x00000007c0000000)
  eden space 129024K, 0% used [0x000000076c180000,0x000000076c180000,0x0000000773f80000)
  from space 10752K, 0% used [0x0000000774a00000,0x0000000774a00000,0x0000000775480000)
  to   space 10752K, 0% used [0x0000000773f80000,0x0000000773f80000,0x0000000774a00000)
 ParOldGen       total 172032K, used 70135K [0x00000006c4400000, 0x00000006cec00000, 0x000000076c180000)
  object space 172032K, 40% used [0x00000006c4400000,0x00000006c887dd20,0x00000006cec00000)
 Metaspace       used 18043K, capacity 18537K, committed 18816K, reserved 1067008K
  class space    used 1982K, capacity 2124K, committed 2176K, reserved 1048576K
}

